[    1587ms] [ERROR] Could not hash unsalted message due to missing message or message is not a type of "string" @ https://www.reuters.com/pf/resources/dist/ads/js/main.js?d=352:1
[    3102ms] [ERROR] Could not hash unsalted message due to missing message or message is not a type of "string" @ https://www.datadoghq-browser-agent.com/datadog-rum-v4.js:0
[    3193ms] [WARNING] [GPT] Using deprecated googletag.encryptedSignalProviders. Please use googletag.secureSignalProviders instead.
https://goo.gle/gpt-message#155 @ https://securepubads.g.doubleclick.net/pagead/managed/js/gpt/m202602120101/pubads_impl.js?cb=31096744:18
[    3519ms] [ERROR] Manifest: root element must be a valid JSON object. @ https://www.reuters.com/site-api/manifest/:0
[    3541ms] [ERROR] Failed to load resource: the server responded with a status of 451 () @ https://pippio.com/api/sync?pid=710914&_=1&it=4&iv=8df66f338ff68538339aee3d61858373&it=4&iv=d505466dd8770cb9b6b5e53993d96190236182cb&it=4&iv=99651106967b1ead3a8895d6a865c87916ae9a3f4373d73a1d850d1642473d8a&us_privacy=1---:0
[    4039ms] [ERROR] Failed to load resource: the server responded with a status of 451 () @ https://pippio.com/api/sync?pid=710914&_=1&it=4&iv=f10d6ae2a0f229635d1daa2e86912e7d&it=4&iv=07bf869dbf3e801c744012e5c0f66bc5f03eb91c&it=4&iv=af60ce556297bf2ba562764d251fe64e06a5ece9eb18de2f9f7c5358d2007a2e&us_privacy=1---:0
[    3541ms] [ERROR] Failed to load resource: the server responded with a status of 451 () @ https://pippio.com/api/sync?pid=710914&_=1&it=4&iv=8df66f338ff68538339aee3d61858373&it=4&iv=d505466dd8770cb9b6b5e53993d96190236182cb&it=4&iv=99651106967b1ead3a8895d6a865c87916ae9a3f4373d73a1d850d1642473d8a&us_privacy=1---:0
[    4039ms] [ERROR] Failed to load resource: the server responded with a status of 451 () @ https://pippio.com/api/sync?pid=710914&_=1&it=4&iv=f10d6ae2a0f229635d1daa2e86912e7d&it=4&iv=07bf869dbf3e801c744012e5c0f66bc5f03eb91c&it=4&iv=af60ce556297bf2ba562764d251fe64e06a5ece9eb18de2f9f7c5358d2007a2e&us_privacy=1---:0
[    6361ms] [WARNING] An iframe which has both allow-scripts and allow-same-origin for its sandbox attribute can escape its sandboxing. @ https://scripts.mf.webcontentassessor.com/scripts/d06ef93c25139616c54db7ca384a5b08978435f6af02d1bae5fa0e14a8bba30f:0
[    6410ms] [WARNING] An iframe which has both allow-scripts and allow-same-origin for its sandbox attribute can escape its sandboxing. @ https://scripts.mf.webcontentassessor.com/scripts/d06ef93c25139616c54db7ca384a5b08978435f6af02d1bae5fa0e14a8bba30f:0
[    6455ms] [WARNING] An iframe which has both allow-scripts and allow-same-origin for its sandbox attribute can escape its sandboxing. @ https://scripts.mf.webcontentassessor.com/scripts/d06ef93c25139616c54db7ca384a5b08978435f6af02d1bae5fa0e14a8bba30f:0
[    6841ms] [ERROR] Failed to load resource: net::ERR_CONNECTION_REFUSED @ https://cs.nex8.net/cs/openx:0
[    6841ms] [ERROR] Failed to load resource: net::ERR_CONNECTION_REFUSED @ https://cs.nex8.net/cs/openx:0
[    7763ms] [ERROR] Attestation check for Attribution Reporting on https://www.google-analytics.com failed. @ https://www.reuters.com/world/us/:0
[    7875ms] [ERROR] Attestation check for Shared Storage on https://www.googleadservices.com failed. @ https://www.googleadservices.com/pagead/managed/js/activeview/current/reach_worklet.html:0
[    7878ms] [ERROR] Attestation check for Shared Storage on https://www.googleadservices.com failed. @ https://www.googleadservices.com/pagead/managed/js/activeview/current/reach_worklet.html:0
[    7884ms] [ERROR] Failed to load resource: net::ERR_NAME_NOT_RESOLVED @ https://j.mrpdata.net/c.html?ex=OpenX:0
[    7926ms] [ERROR] Failed to load resource: net::ERR_NAME_NOT_RESOLVED @ https://pixel-us-apac.rubiconproject.com/exchange/sync.php?p=yieldmo&us_privacy=1---:0
[    8026ms] [ERROR] Failed to load resource: net::ERR_NAME_NOT_RESOLVED @ https://match.rundsp.com/redirect?ex=openx:0
[    8110ms] [ERROR] Failed to load resource: net::ERR_NAME_NOT_RESOLVED @ https://dps.jp.cinarra.com/pxd?PLATFORM_ID=1&USER_ID=4e8ecc5a-ed01-8320-c691-719cff316d69:0
[    8128ms] [ERROR] Failed to load resource: the server responded with a status of 451 () @ https://pippio.com/api/sync?pid=710914&_=3&it=4&iv=8df66f338ff68538339aee3d61858373&it=4&iv=d505466dd8770cb9b6b5e53993d96190236182cb&it=4&iv=99651106967b1ead3a8895d6a865c87916ae9a3f4373d73a1d850d1642473d8a:0
[    8300ms] [ERROR] Failed to load resource: net::ERR_NAME_NOT_RESOLVED @ https://pixel-us-apac.rubiconproject.com/exchange/sync.php?p=yieldmo&us_privacy=1---:0
[    8352ms] [ERROR] Failed to load resource: the server responded with a status of 451 () @ https://pippio.com/api/sync?pid=710914&_=6&it=4&iv=8df66f338ff68538339aee3d61858373&it=4&iv=d505466dd8770cb9b6b5e53993d96190236182cb&it=4&iv=99651106967b1ead3a8895d6a865c87916ae9a3f4373d73a1d850d1642473d8a:0
[    6841ms] [ERROR] Failed to load resource: net::ERR_CONNECTION_REFUSED @ https://cs.nex8.net/cs/openx:0
[    7884ms] [ERROR] Failed to load resource: net::ERR_NAME_NOT_RESOLVED @ https://j.mrpdata.net/c.html?ex=OpenX:0
[    8026ms] [ERROR] Failed to load resource: net::ERR_NAME_NOT_RESOLVED @ https://match.rundsp.com/redirect?ex=openx:0
[    8110ms] [ERROR] Failed to load resource: net::ERR_NAME_NOT_RESOLVED @ https://dps.jp.cinarra.com/pxd?PLATFORM_ID=1&USER_ID=4e8ecc5a-ed01-8320-c691-719cff316d69:0
[    8881ms] [WARNING] This ad's html cannot be accessed using the getHtml method on googletag.Slot. Returning the empty string instead. @ https://securepubads.g.doubleclick.net/pagead/managed/js/gpt/m202602120101/pubads_impl.js?cb=31096744:18
[    7926ms] [ERROR] Failed to load resource: net::ERR_NAME_NOT_RESOLVED @ https://pixel-us-apac.rubiconproject.com/exchange/sync.php?p=yieldmo&us_privacy=1---:0
[    8300ms] [ERROR] Failed to load resource: net::ERR_NAME_NOT_RESOLVED @ https://pixel-us-apac.rubiconproject.com/exchange/sync.php?p=yieldmo&us_privacy=1---:0
[    9655ms] [ERROR] Failed to load resource: the server responded with a status of 451 () @ https://pippio.com/api/sync?pid=710914&_=6&it=4&iv=f10d6ae2a0f229635d1daa2e86912e7d&it=4&iv=07bf869dbf3e801c744012e5c0f66bc5f03eb91c&it=4&iv=af60ce556297bf2ba562764d251fe64e06a5ece9eb18de2f9f7c5358d2007a2e:0
[    9655ms] [ERROR] Failed to load resource: the server responded with a status of 451 () @ https://pippio.com/api/sync?pid=710914&_=6&it=4&iv=f10d6ae2a0f229635d1daa2e86912e7d&it=4&iv=07bf869dbf3e801c744012e5c0f66bc5f03eb91c&it=4&iv=af60ce556297bf2ba562764d251fe64e06a5ece9eb18de2f9f7c5358d2007a2e:0
[    6841ms] [ERROR] Failed to load resource: net::ERR_CONNECTION_REFUSED @ https://cs.nex8.net/cs/openx:0
[    7884ms] [ERROR] Failed to load resource: net::ERR_NAME_NOT_RESOLVED @ https://j.mrpdata.net/c.html?ex=OpenX:0
[    8026ms] [ERROR] Failed to load resource: net::ERR_NAME_NOT_RESOLVED @ https://match.rundsp.com/redirect?ex=openx:0
[    8110ms] [ERROR] Failed to load resource: net::ERR_NAME_NOT_RESOLVED @ https://dps.jp.cinarra.com/pxd?PLATFORM_ID=1&USER_ID=4e8ecc5a-ed01-8320-c691-719cff316d69:0
[   10649ms] [ERROR] Failed to load resource: the server responded with a status of 451 () @ https://pippio.com/api/sync?pid=710914&_=3&it=4&iv=8df66f338ff68538339aee3d61858373&it=4&iv=d505466dd8770cb9b6b5e53993d96190236182cb&it=4&iv=99651106967b1ead3a8895d6a865c87916ae9a3f4373d73a1d850d1642473d8a:0
[   10829ms] [ERROR] Failed to load resource: the server responded with a status of 410 (Gone) @ https://ads.stickyadstv.com/pbs-user-sync?gdpr=0&gdpr_consent=&us_privacy=&gpp=&gpp_sid=&r=https%3A%2F%2Fserver.prebid.dianomi.com%2F%2Fsetuid%3Fbidder%3Dfreewheelssp%26gdpr%3D0%26gdpr_consent%3D%26gpp%3D%26gpp_sid%3D%26f%3Db%26uid%3D%7Bviewerid%7D:0
[    6841ms] [ERROR] Failed to load resource: net::ERR_CONNECTION_REFUSED @ https://cs.nex8.net/cs/openx:0
[    7884ms] [ERROR] Failed to load resource: net::ERR_NAME_NOT_RESOLVED @ https://j.mrpdata.net/c.html?ex=OpenX:0
[    8026ms] [ERROR] Failed to load resource: net::ERR_NAME_NOT_RESOLVED @ https://match.rundsp.com/redirect?ex=openx:0
[    8110ms] [ERROR] Failed to load resource: net::ERR_NAME_NOT_RESOLVED @ https://dps.jp.cinarra.com/pxd?PLATFORM_ID=1&USER_ID=4e8ecc5a-ed01-8320-c691-719cff316d69:0
[   10925ms] [ERROR] Failed to load resource: the server responded with a status of 404 () @ https://cs.krushmedia.com/4831fbf13dd518a56346a6e0ec8ba9d5.gif?puid=ID5-1-83e5b843-4ea7-4b32-8cde-97887360693e&redir=https%3A%2F%2Fsync.inmobi.com%2Fsetuid%3FbidderID%3D1315%26dspUserId%3D%5BUID%5D&gdpr=0&gdpr_consent=:0
[   10829ms] [ERROR] Failed to load resource: the server responded with a status of 410 (Gone) @ https://ads.stickyadstv.com/pbs-user-sync?gdpr=0&gdpr_consent=&us_privacy=&gpp=&gpp_sid=&r=https%3A%2F%2Fserver.prebid.dianomi.com%2F%2Fsetuid%3Fbidder%3Dfreewheelssp%26gdpr%3D0%26gdpr_consent%3D%26gpp%3D%26gpp_sid%3D%26f%3Db%26uid%3D%7Bviewerid%7D:0
[   10945ms] [ERROR] Failed to load resource: the server responded with a status of 410 (Gone) @ https://ads.stickyadstv.com/pbs-user-sync?gdpr=&gdpr_consent=&us_privacy=&gpp=&gpp_sid=&r=https%3A%2F%2Fcookies.nextmillmedia.com%2Fsetuid%3Fbidder%3Dfreewheel-ssp%26nmuid%3D%26gdpr%3D%26gdpr_consent%3D%26us_privacy%3D%26uid%3D%7Bviewerid%7D:0
[   11012ms] [WARNING] [Meta Pixel] - Duplicate Pixel ID: 1586315481640631. @ https://connect.facebook.net/en_US/fbevents.js:173
[    6841ms] [ERROR] Failed to load resource: net::ERR_CONNECTION_REFUSED @ https://cs.nex8.net/cs/openx:0
[    7884ms] [ERROR] Failed to load resource: net::ERR_NAME_NOT_RESOLVED @ https://j.mrpdata.net/c.html?ex=OpenX:0
[    8026ms] [ERROR] Failed to load resource: net::ERR_NAME_NOT_RESOLVED @ https://match.rundsp.com/redirect?ex=openx:0
[    8110ms] [ERROR] Failed to load resource: net::ERR_NAME_NOT_RESOLVED @ https://dps.jp.cinarra.com/pxd?PLATFORM_ID=1&USER_ID=4e8ecc5a-ed01-8320-c691-719cff316d69:0
[    6841ms] [ERROR] Failed to load resource: net::ERR_CONNECTION_REFUSED @ https://cs.nex8.net/cs/openx:0
[    7884ms] [ERROR] Failed to load resource: net::ERR_NAME_NOT_RESOLVED @ https://j.mrpdata.net/c.html?ex=OpenX:0
[    8026ms] [ERROR] Failed to load resource: net::ERR_NAME_NOT_RESOLVED @ https://match.rundsp.com/redirect?ex=openx:0
[    8110ms] [ERROR] Failed to load resource: net::ERR_NAME_NOT_RESOLVED @ https://dps.jp.cinarra.com/pxd?PLATFORM_ID=1&USER_ID=4e8ecc5a-ed01-8320-c691-719cff316d69:0
[    6841ms] [ERROR] Failed to load resource: net::ERR_CONNECTION_REFUSED @ https://cs.nex8.net/cs/openx:0
[    7884ms] [ERROR] Failed to load resource: net::ERR_NAME_NOT_RESOLVED @ https://j.mrpdata.net/c.html?ex=OpenX:0
[    8026ms] [ERROR] Failed to load resource: net::ERR_NAME_NOT_RESOLVED @ https://match.rundsp.com/redirect?ex=openx:0
[    8110ms] [ERROR] Failed to load resource: net::ERR_NAME_NOT_RESOLVED @ https://dps.jp.cinarra.com/pxd?PLATFORM_ID=1&USER_ID=4e8ecc5a-ed01-8320-c691-719cff316d69:0
[   11778ms] [ERROR] Failed to load resource: the server responded with a status of 400 () @ https://match.prod.bidr.io/cookie-sync/see:0
[   11957ms] [WARNING] Mixed Content: The page at 'https://onetag-sys.com/usync/?pubId=75601b04186d260' was loaded over HTTPS, but requested an insecure element 'http://user-sync.fwmrm.net/ad/u?mode=echo&cr=https%3A%2F%2Fonetag-sys.com%2Fmatch%2F%3Fint_id%3D3%26gdpr%3D1%26gdpr_consent%3D%26uid%3D#{user.id}'. This request was automatically upgraded to HTTPS, For more information see https://blog.chromium.org/2019/10/no-more-mixed-messages-about-https.html @ https://onetag-sys.com/usync/?pubId=75601b04186d260:0
[   12224ms] [ERROR] Failed to load resource: the server responded with a status of 424 (Failed Dependency) @ https://t.adx.opera.com/pub/sync?pubid=pub10101531197440&gdpr=1&gdpr_consent=:0
[    6841ms] [ERROR] Failed to load resource: net::ERR_CONNECTION_REFUSED @ https://cs.nex8.net/cs/openx:0
[    7884ms] [ERROR] Failed to load resource: net::ERR_NAME_NOT_RESOLVED @ https://j.mrpdata.net/c.html?ex=OpenX:0
[    8026ms] [ERROR] Failed to load resource: net::ERR_NAME_NOT_RESOLVED @ https://match.rundsp.com/redirect?ex=openx:0
[    8110ms] [ERROR] Failed to load resource: net::ERR_NAME_NOT_RESOLVED @ https://dps.jp.cinarra.com/pxd?PLATFORM_ID=1&USER_ID=4e8ecc5a-ed01-8320-c691-719cff316d69:0
[   13784ms] [ERROR] Failed to load resource: net::ERR_TOO_MANY_REDIRECTS @ https://ib.adnxs.com/getuid?https%3A%2F%2Fsa.semasio.net%2Fsync%2F1%2F4354957%3FsExtCookieId%3D%24UID%26sInitiator%3Dinternal&gdpr=0&gdpr_consent=:0
[   15191ms] [ERROR] Failed to load resource: net::ERR_TOO_MANY_REDIRECTS @ https://cm.g.doubleclick.net/pixel?google_nid=semasio_ddp&google_cm&google_hm=MjExQjI5NjA0NTE2MDExRA%3D%3D&gdpr=0&gdpr_consent=&id5=ID5-98dbPtNCFdrevKpKq0g6KFSpCbGgUFATy330R4r7bA:0
[   27619ms] [WARNING] An iframe which has both allow-scripts and allow-same-origin for its sandbox attribute can escape its sandboxing. @ https://scripts.mf.webcontentassessor.com/scripts/d06ef93c25139616c54db7ca384a5b08978435f6af02d1bae5fa0e14a8bba30f:0
[   27719ms] [WARNING] An iframe which has both allow-scripts and allow-same-origin for its sandbox attribute can escape its sandboxing. @ https://scripts.mf.webcontentassessor.com/scripts/d06ef93c25139616c54db7ca384a5b08978435f6af02d1bae5fa0e14a8bba30f:0
[    7875ms] [ERROR] Attestation check for Shared Storage on https://www.googleadservices.com failed. @ https://www.googleadservices.com/pagead/managed/js/activeview/current/reach_worklet.html:0
[    7878ms] [ERROR] Attestation check for Shared Storage on https://www.googleadservices.com failed. @ https://www.googleadservices.com/pagead/managed/js/activeview/current/reach_worklet.html:0
[   27840ms] [ERROR] Attestation check for Shared Storage on https://www.googleadservices.com failed. @ https://www.googleadservices.com/pagead/managed/js/activeview/current/reach_worklet.html:0
[    7875ms] [ERROR] Attestation check for Shared Storage on https://www.googleadservices.com failed. @ https://www.googleadservices.com/pagead/managed/js/activeview/current/reach_worklet.html:0
[    7878ms] [ERROR] Attestation check for Shared Storage on https://www.googleadservices.com failed. @ https://www.googleadservices.com/pagead/managed/js/activeview/current/reach_worklet.html:0
[   27840ms] [ERROR] Attestation check for Shared Storage on https://www.googleadservices.com failed. @ https://www.googleadservices.com/pagead/managed/js/activeview/current/reach_worklet.html:0
[   28030ms] [ERROR] Attestation check for Shared Storage on https://www.googleadservices.com failed. @ https://www.googleadservices.com/pagead/managed/js/activeview/current/reach_worklet.html:0
[   29266ms] [WARNING] This ad's html cannot be accessed using the getHtml method on googletag.Slot. Returning the empty string instead. @ https://securepubads.g.doubleclick.net/pagead/managed/js/gpt/m202602120101/pubads_impl.js?cb=31096744:18
[   29305ms] [WARNING] This ad's html cannot be accessed using the getHtml method on googletag.Slot. Returning the empty string instead. @ https://securepubads.g.doubleclick.net/pagead/managed/js/gpt/m202602120101/pubads_impl.js?cb=31096744:18
[   32696ms] [ERROR] Attestation check for Attribution Reporting on https://www.google-analytics.com failed. @ https://www.reuters.com/world/us/:0
[   33444ms] [WARNING] An iframe which has both allow-scripts and allow-same-origin for its sandbox attribute can escape its sandboxing. @ https://scripts.mf.webcontentassessor.com/scripts/d06ef93c25139616c54db7ca384a5b08978435f6af02d1bae5fa0e14a8bba30f:0
[   13784ms] [ERROR] Failed to load resource: net::ERR_TOO_MANY_REDIRECTS @ https://ib.adnxs.com/getuid?https%3A%2F%2Fsa.semasio.net%2Fsync%2F1%2F4354957%3FsExtCookieId%3D%24UID%26sInitiator%3Dinternal&gdpr=0&gdpr_consent=:0
[   80472ms] [ERROR] Failed to load resource: net::ERR_TOO_MANY_REDIRECTS @ https://id5-sync.com/c/882/3/1/8.gif?puid=16606990-5980-4900-807d-6f0c8e1cc2d1&gdpr=0&gdpr_consent=:0
[   10829ms] [ERROR] Failed to load resource: the server responded with a status of 410 (Gone) @ https://ads.stickyadstv.com/pbs-user-sync?gdpr=0&gdpr_consent=&us_privacy=&gpp=&gpp_sid=&r=https%3A%2F%2Fserver.prebid.dianomi.com%2F%2Fsetuid%3Fbidder%3Dfreewheelssp%26gdpr%3D0%26gdpr_consent%3D%26gpp%3D%26gpp_sid%3D%26f%3Db%26uid%3D%7Bviewerid%7D:0
[   10945ms] [ERROR] Failed to load resource: the server responded with a status of 410 (Gone) @ https://ads.stickyadstv.com/pbs-user-sync?gdpr=&gdpr_consent=&us_privacy=&gpp=&gpp_sid=&r=https%3A%2F%2Fcookies.nextmillmedia.com%2Fsetuid%3Fbidder%3Dfreewheel-ssp%26nmuid%3D%26gdpr%3D%26gdpr_consent%3D%26us_privacy%3D%26uid%3D%7Bviewerid%7D:0
[   84712ms] [ERROR] Failed to load resource: the server responded with a status of 410 (Gone) @ https://ads.stickyadstv.com/pbs-user-sync?gdpr=0&gdpr_consent=&us_privacy=&gpp=&gpp_sid=&r=https%3A%2F%2Fserver.prebid.dianomi.com%2F%2Fsetuid%3Fbidder%3Dfreewheelssp%26gdpr%3D0%26gdpr_consent%3D%26gpp%3D%26gpp_sid%3D%26f%3Db%26uid%3D%7Bviewerid%7D:0
[  159560ms] [ERROR] Failed to load resource: net::ERR_CONNECTION_TIMED_OUT @ https://sync.e-volution.ai/a184e2218ea9f18e32c70fb304405e72.gif?puid=ID5-1-83e5b843-4ea7-4b32-8cde-97887360693e&redir=https%3A%2F%2Fsync.inmobi.com%2Fsetuid%3FbidderID%3D957%26dspUserId%3D%5BUID%5D&gdpr=0&gdpr_consent=:0
